0: 000000000000000000000000000000000000000000000000000000000000001000000000000000000000
1: 000000000000000000000000000000000000000000000000000000000000000001000100000000000000
2: 000000000000000000000000000000000000000000000000000000000000000000000000000000000000
3: 000000000000000000000000000000000000000000000000000000010000000000000000000000000000
4: 000000000000000000000000000000000000000000000000000000000000000000000000010000001010
5: 000000000000000000000000000000000000000000000000000000000100000110000000000000000000
6: 000000000000000000000000000000000000000000000000000000000000100000000010100000000000
7: 000000000000000000000000000000000000000000000000000010000000000000000000000000000000
8: 000000000000000000000000000000000000000000000000000001100000000000001000000100100001
9: 000000000000000000000000000000000000000000000000000000000000000000000000000001000100
a: 000001000000000000000000000000000000000000000000000000000010000000000000000000000000
b: 100000000000000000000000000000000000000000000000000000001000010000010000000000000000
c: 010000000000000000000000000000000000000000000000000000000000000000000000001010000000
d: 000000000000000000000000000000000000000000000000000000000001000000000000000000000000
e: 000000000010000000000000000000000000000000000000000000000000000000000001000000000000
f: 000100000000000000000000000000000000000000000000000000000000000000100000000000010000
g: 000000000000000000000000000000000000000000000000000000000000000000000000000000000000
h: 000000000100000000000000000000000000000000000000000000000000000000000000000000000000
i: 000000000000000010000000000000000000000000000000000000000000000000000000000000000000
j: 000000000000000000000000000000000000000000000000000000000000000000000000000000000000
k: 000000000000000000000000000000000000000000000000000000000000000000000000000000000000
l: 000000000000000000000000000000000000000000000000000000000000000000000000000000000000
m: 000000000000000000000000000000000000000000000000000000000000000000000000000000000000
n: 000000100000000000000000000000000000000000000000000000000000000000000000000000000000
o: 000000010000000000000000000000000000000000000000000000000000000000000000000000000000
p: 000000000000000000000000000000000000000000000000000000000000000000000000000000000000
q: 000000000000000000000000000000000000000000000000000000000000000000000000000000000000
r: 000000000001000000000000000000000000000000000000000000000000000000000000000000000000
s: 000000000000011000000000000000000000000000000000000000000000000000000000000000000000
t: 001000001000000100000000000000000000000000000000000000000000000000000000000000000000
u: 000000000000000000000000000000000000000000000000000000000000000000000000000000000000
v: 000000000000000000000000000000000000000000000000000000000000000000000000000000000000
w: 000000000000000000000000000000000000000000000000000000000000000000000000000000000000
y: 000000000000000000000000000000000000000000000000000000000000000000000000000000000000
z: 000000000000000000000000000000000000000000000000000000000000000000000000000000000000
A: 000000000000000000010000000000000000010000000000000000000000000000000000000000000000
B: 000000000000000000000000000000000000000000000000000000000000000000000000000000000000
C: 000000000000000000000000000000000000000000000000000000000000000000000000000000000000
D: 000000000000000000000000000000000000000000000000000000000000000000000000000000000000
E: 000000000000000000000000100000000000000100001000000000000000000000000000000000000000
F: 000000000000000000000000000000000000000000000000000000000000000000000000000000000000
G: 000000000000000000000000000000000000000000000000000000000000000000000000000000000000
H: 000000000000000000000001000000000000000000000000000000000000000000000000000000000000
I: 000000000000000000000000000000100000000000000010000000000000000000000000000000000000
J: 000000000000000000000000000000000000000000000000000000000000000000000000000000000000
K: 000000000000000000000000000000000000000000000000000000000000000000000000000000000000
L: 000000000000000000000000000000000000000000000000000000000000000000000000000000000000
M: 000000000000000000000000000000000000000000000000000000000000000000000000000000000000
N: 000000000000000000001000000000000000000000000000000000000000000000000000000000000000
O: 000000000000000000000100000000000000000001000001000000000000000000000000000000000000
P: 000000000000000000000000000000000000000000000000000000000000000000000000000000000000
Q: 000000000000000000000000000000000000000000000000000000000000000000000000000000000000
R: 000000000000000000000000010000000000001000000100000000000000000000000000000000000000
S: 000000000000000000000000000110000000000000010000011100000000000000000000000000000000
T: 000000000000000000000010000001000000000000000000000000000000000000000000000000000000
U: 000000000000000000000000000000000000000000100000100000000000000000000000000000000000
V: 000000000000000000000000000000000000000000000000000000000000000000000000000000000000
W: 000000000000000000000000000000000000000000000000000000000000000000000000000000000000
X: 000000000000000000000000000000000000000000000000000000000000000000000000000000000000
Y: 000000000000000000000000000000000000000010000000000000000000000000000000000000000000
Z: 000000000000000000000000000000000000000000000000000000000000000000000000000000000000
!: 000000000000000000000000000000000010000000000000000000000000000000000000000000000000
": 000000000000000000000000000000000000000000000000000000000000000000000000000000000000
#: 000000000000000000000000000000000000000000000000000000000000000000000000000000000000
$: 000000000000000000000000000000000000000000000000000000000000000000000000000000000000
%: 000000000000000000000000000000000000000000000000000000000000000000000000000000000000
&: 000000000000000000000000000000000000000000000000000000000000000000000000000000000000
': 000000000000000000000000000000000000000000000000000000000000000000000000000000000000
(: 000000000000000000000000000000000000000000000000000000000000000000000000000000000000
): 000000000000000000000000000000000000000000000000000000000000000000000000000000000000
*: 000000000000000000000000000000000000000000000000000000000000000000000000000000000000
+: 000000000000000000000000000000000000000000000000000000000000000000000000000000000000
,: 000000000000000000000000000000000000000000000000000000000000000000000000000000000000
-: 000000000000000000000000000000000000000000000000000000000000000000000000000000000000
/: 000000000000000000000000000000000000000000000000000000000000000000000000000000000000
:: 000000000000000000000000000000000000000000000000000000000000000000000000000000000000
;: 000000000000000000000000000000000000000000000000000000000000000000000000000000000000
<: 000000000000000000000000000000000000000000000000000000000000000000000000000000000000
=:
>: 000000000000000000000000000000000000000000000000000000000000000000000000000000000000
?: 000000000000000001000000000000011101000000000000000000000000000000000000000000000000
@: 000000000000000000000000000000000000000000000000000000000000000000000000000000000000
^: 000000000000000000000000000000000000000000000000000000000000000000000000000000000000
`: 000000000000000000000000000000000000000000000000000000000000000000000000000000000000
{: 000010000000000000000000000000000000000000000000000000000000000000000000000000000000
|: 000000000000000000000000000000000000000000000000000000000000000000000000000000000000
}: 000000000000000000000000000000000000000000000000000000000000000000000000000000000000
~: 000000000000000000000000000000000000000000000000000000000000000000000000000000000000
bctf{another{ssti?{ANOTHER{SSTI???!?{AREYOUSERIOUSSS7883b5ad6b0551fb816e64c8c98f4948
