1719124077
1719124078
1719124079
1719124080
1719124081
1719124082
1719124083
1719124084
1719124085
1719124086
1719124087
1719124088
1719124089
1719124090
1719124091
1719124092
1719124093
1719124094
1719124095
1719124096
1719124097
1719124098
1719124099
1719124100
1719124101
1719124102
1719124103
1719124104
1719124105
1719124106
1719124107
1719124108
1719124109
1719124110
maybe win
current wins: 1
1719124112
1719124113
1719124114
1719124115
1719124116
1719124117
1719124118
1719124119
1719124120
1719124121
1719124122
1719124123
1719124124
1719124125
1719124126
1719124127
1719124128
1719124129
1719124130
1719124131
1719124132
1719124133
1719124134
1719124135
1719124136
1719124137
1719124138
1719124139
1719124140
1719124141
1719124142
1719124143
1719124144
1719124145
1719124146
1719124147
1719124148
1719124149
1719124150
1719124151
1719124152
1719124153
1719124154
1719124155
1719124156
1719124157
1719124158
1719124159
1719124160
1719124161
1719124162
1719124163
1719124164
1719124165
1719124166
1719124167
1719124168
1719124169
1719124170
1719124171
1719124172
1719124173
1719124174
1719124175
1719124176
1719124177
1719124178
1719124179
1719124180
1719124181
1719124182
1719124183
1719124184
1719124185
1719124186
1719124187
1719124188
1719124189
1719124190
1719124191
1719124192
1719124193
1719124194
1719124195
1719124196
1719124197
1719124198
1719124199
1719124200
1719124201
1719124202
1719124203
1719124204
1719124205
1719124206
1719124207
1719124208
maybe win
current wins: 2
1719124210
1719124211
1719124212
1719124213
1719124214
1719124215
1719124216
1719124217
1719124218
1719124219
1719124220
1719124221
1719124222
1719124223
1719124224
1719124225
1719124226
1719124227
1719124228
1719124229
1719124230
1719124231
1719124232
1719124233
1719124234
1719124235
1719124236
1719124237
1719124238
1719124239
1719124240
1719124241
1719124242
1719124243
1719124244
1719124245
1719124246
1719124247
1719124248
1719124249
1719124250
1719124251
1719124252
1719124253
1719124254
1719124255
1719124256
1719124257
1719124258
1719124259
1719124260
1719124261
1719124262
1719124263
1719124264
1719124265
1719124266
1719124267
1719124268
1719124269
1719124270
1719124271
1719124272
1719124273
1719124274
1719124275
1719124276
1719124277
1719124278
1719124279
1719124280
1719124281
1719124282
1719124283
1719124284
1719124285
1719124286
1719124287
1719124288
1719124289
1719124290
1719124291
1719124292
1719124293
1719124294
1719124295
1719124296
1719124297
1719124298
1719124299
1719124300
1719124301
1719124302
1719124303
1719124304
1719124305
1719124306
1719124307
1719124308
1719124309
1719124310
1719124311
1719124312
1719124313
1719124314
1719124315
1719124316
1719124317
1719124318
1719124319
1719124320
1719124321
1719124322
1719124323
1719124324
1719124325
1719124326
1719124327
1719124328
1719124329
1719124330
1719124331
1719124332
1719124333
1719124334
1719124335
1719124336
1719124337
1719124338
1719124339
1719124340
1719124341
1719124342
1719124343
1719124344
1719124345
1719124346
1719124347
1719124348
1719124349
1719124350
maybe win
current wins: 3
1719124352
1719124353
1719124354
1719124355
1719124356
1719124357
1719124358
1719124359
1719124360
1719124361
1719124362
1719124363
1719124364
1719124365
1719124366
1719124367
1719124368
1719124369
1719124370
1719124371
1719124372
1719124373
1719124374
1719124375
1719124376
1719124377
1719124378
1719124379
1719124380
1719124381
1719124382
1719124383
1719124384
1719124385
1719124386
1719124387
1719124388
1719124389
1719124390
1719124391
1719124392
1719124393
1719124394
1719124395
1719124396
1719124397
1719124398
1719124399
1719124400
1719124401
1719124402
1719124403
1719124404
1719124405
1719124406
1719124407
1719124408
1719124409
1719124410
1719124411
1719124412
1719124413
1719124414
1719124415
1719124416
1719124417
1719124418
1719124419
1719124420
1719124421
1719124422
1719124423
1719124424
maybe win
1719124425
1719124426
1719124427
1719124428
1719124429
1719124430
1719124431
1719124432
1719124433
1719124434
1719124435
1719124436
1719124437
1719124438
1719124439
1719124440
1719124441
1719124442
1719124443
1719124444
1719124445
1719124446
1719124447
1719124448
1719124449
1719124450
1719124451
1719124452
1719124453
1719124454
1719124455
1719124456
1719124457
1719124458
1719124459
1719124460
1719124461
1719124462
1719124463
1719124464
1719124465
1719124466
1719124467
1719124468
1719124469
1719124470
1719124471
1719124472
1719124473
1719124474
1719124475
1719124476
1719124477
1719124478
1719124479
1719124480
1719124481
1719124482
1719124483
1719124484
1719124485
1719124486
1719124487
1719124488
1719124489
1719124490
1719124491
1719124492
1719124493
1719124494
1719124495
1719124496
1719124497
maybe win
current wins: 4
1719124499
1719124500
1719124501
1719124502
1719124503
1719124504
1719124505
1719124506
1719124507
1719124508
1719124509
1719124510
1719124511
1719124512
1719124513
1719124514
1719124515
1719124516
1719124517
1719124518
1719124519
1719124520
1719124521
1719124522
1719124523
1719124524
1719124525
1719124526
1719124527
1719124528
1719124529
1719124530
1719124531
1719124532
maybe win
current wins: 5
<style type="text/css">.cardPos_ddb2{background-position:-1420px -380px;}</style><div class="card pixel-corners cardPos_ddb2">Q</div><style type="text/css">.cardPos_5163{background-position:-994px -0px;}</style><div class="card pixel-corners cardPos_5163">9</div><style type="text/css">.cardPos_7835{background-position:-1420px -0px;}</style><div class="card pixel-corners cardPos_7835">Q</div><style type="text/css">.cardPos_a84a{background-position:-568px -0px;}</style><div class="card pixel-corners cardPos_a84a">6</div><style type="text/css">.cardPos_7006{background-position:-1420px -570px;}</style><div class="card pixel-corners cardPos_7006">Q</div><div class="card pixel-corners cardPos_ddb2">Q</div><style type="text/css">.cardPos_bd00{background-position:-1420px -190px;}</style><div class="card pixel-corners cardPos_bd00">Q</div><div class="card pixel-corners cardPos_5163">9</div><style type="text/css">.cardPos_99f4{background-position:-1562px -570px;}</style><div class="card pixel-corners cardPos_99f4">K</div><style type="text/css">.cardPos_506a{background-position:-852px -190px;}</style><div class="card pixel-corners cardPos_506a">8</div><style type="text/css">.cardPos_a72b{background-position:-710px -380px;}</style><div class="card pixel-corners cardPos_a72b">7</div><style type="text/css">.cardPos_02df{background-position:-284px -380px;}</style><div class="card pixel-corners cardPos_02df">4</div><div hx-swap-oob="outerHTML:.score-info" class="score-info pixel-corners"><div class="hand-info">Five of a Kind lvl.1</div><div class="hand-chips pixel-corners">100</div><div class="hand-x">X</div><div class="hand-mult pixel-corners">10</div></div><span hx-swap-oob="innerHTML:.round-score-value" class="round-score-value">5,000</span><div hx-swap-oob="innerHTML:.hands-number" class="hands-number pixel-corners">4</div><div hx-swap-oob="innerHTML:.flag" class="flag">jellyCTF{its_v3ry_stra1ghtf0rw4rd_s1mply_g3t_g00d_rng}</div>
