session: eec9a2c3f95049b018abf817845730f1
question 1
613462a94bf8d41b83b2da68330eea35789e5df99f21fd4752833efd86a95415: Pepeshi
question 2
29facf89c342cc552db7a8a01433c4454f82a807499b062e69abce25345d74d2: Song of the Dragon and Freedom, Fate's Chosen Lupical, Heart of Glaze, Turning Point, Unreconciled Stars, Skyfrost Nail, Lantern Rite
question 3
b76ab04900452bfa2cd749642070f4cf7febf31eb63043d16b7f1a8290424718: Genius Invokation TCG
question 4
bd037c6d327aec10b52cf3ec161ff7e713746c4d61ffc925082ce6ac8ed76b12: 7
question 5
14d7bd748c9ef2f154ddf538de5602f9b3b91d2d32aab97a667841cc86c910ff: 0
question 6
5b5bf726a892644f48dd0f24c2d13e502ce0b3a83f62e3c53ad11137bbfaf72f: He took on Stanley's identity and spread stories of him
question 7
f0a0b3a14d719932090f8af6dfd501fec983507c5cd962ad9174c6645cf3bc0e: Estelle
question 8
74883e04120d0632492330c67c55eba0c3e6360ce1bffaec953ebe18be99c37e: Awaken the Residual Pari in the Fravashi Trees
question 9
8f94e2ddd3233c2a6461de65e6a98f98f3e0457a0ebf5361aa7188e0eab2d3c3: Statue of The Seven
question 10
3c6fbb8ba3532874293b7a12f70a1b8bd192d3c4b92f057ed86dea475051ca62: The Flowing Spring of Life
question 11
c8bdff70e376648d2f9f6a675f96897cf5c3e0587faf1df76d598ae28613bd70: Adventurers' Guild
question 12
d347cede1b68187f5e3bf6b5f30e1e1c1179b4b53cf35640eb02582734d4b3af: Let Sorush awaken the residual Pari in the Fravashi Tree
question 13
f18b9886db566b997f730b41acef43823fabbbdbe1ec4e942602b9bd49b8e9eb: Archon Quest
question 14
8f48ba75b289e336cc8ee6c6123251a2ba10ba86cbfa35db8bb54164cd55b206: An in-game reward
question 15
d81d44fdf049873fdf83b7fa4e1c7de0ede4591b0502b3b1f3fc5c1489453c03: Fontaine: Dance of the Dew-White Springs (I)
question 16
7a7466f7fa63f29286d62d900b39a971fbed0321d75f6b8d609c1a12661f103e: Pom-Pom
question 17
5634480335a0e28502067dbbd86df13c3de46ffafa19f31430536e8efac7d899: Dan Shu requests the Trailblazer to drop by the Synwood Pavilion for a discussion on certain issues
question 18
9e53c130787249d1de618efa27a91f2e054702e2510bb3b76684148648fef661: 2
question 19
053f8b0ed10f7c477d5f9640a67d3f1f784e4eee9d795d7dab2b275ec32cfeec: Follow 4 Seelie in Chenyu Vale
question 20
096622dfa9b883ae19b6953286be7c0b1082fd83f37e5f2b49a3c73a88dae376: Abraham, Arlan, and Asta work together on Project Revival
question 21
476e7173d01f327d7831b91c0840c63c1cadfc9d8ea379cf44feef604a53fdef: Weapons
question 22
9b1ead1704f86debdf96163b7147b25b0d7fa04e898d5f9cf6594a55cc22401e: She thinks the Traveler is kind.
question 23
de9f8d53dd43e4a8d73e579b800e2bc49185ec4d07fa4cd31f46d97e2dd36117: Sky Kitsune Statue Mt Yougou
question 24
38ae0635f54e2423c739819a87eee2d86dfe388b8b0b6fa5b4b4e169dfc07c48: Nahida
question 25
a4f10f6e9e9392b94f702f71dceaab3337750bd9657f6b71fe2e7c07fba1b033: Redhorn Stonethresher
question 26
ead5940de474354b332add02751e4b5bc2b795accf6d8d0e7e7d2f9660a0991f: Corridor of Fading Echoes
question 27
650b6b9589dd85a9b546361851bbe396de9ef13e4afe1fa4f01cd1892452ae75: The Dead End and the Glinting Architects
question 28
1cecc562173088f0b4928eaad61e81d6706b0352dd4dbecab64e005bf8abbb3c: Floating Hydro Fungus
question 29
185bfef183bf4c22bc25c3cf10bca7ab96339952eaa33733b621d534387af87d: Administrative District
question 30
8040bf2ea4e903ec913ea8cdd2c865bc92ec50be42e508f3af4adb2f6dccc54a: Equipment
question 31
f025e274fc18f3c34dafcefa78ce6247d8f92f5e03347f08131e8d1749fecef7: Locating and completing the puzzles of 12 Nurseries to obtain Vasmtri
question 32
19b34beb26e2275389344b0a8abba6d525fd015c3d771b486daac47be7186ac7: Yukong thinks Himeko has a good understanding of space flight technologies.
question 33
8089e9d61372e11f15a674cca57a8b6f8f70df9f4162e3fdf39662b660316b12: Inazuma
question 34
7b3cb3329218d077c85fb0818d002cabfb3db161f3179c642b15591e952617a9: Tayzzyronth
question 35
9d672300a88db85411943050f72286ebf407d9ef9146b88aafc9f90c1d4ba4f8: Open World
question 36
cc3c17cdbf36f8c04460edf264a08baf81d2d8e15cd218f0da083c2a8936846d: Golden Theater
question 37
4d6a7126cb120d9acd9fb9eb0a065323d793f9310bd53fc824e36cedf63c243b: Heart of Oasis in Apep's body
question 38
f00b7b5c218bc515740ba1e9688ccb860bb092d4fe53297b67df699423558009: Mt. Yougou
question 39
931528a98ae28b270741b1df690aa3d6abe4ee5ea7ffd0860a233ddf8127db26: A good night's sleep
question 40
8e77aa089f7dff4eb799f150453199d52d7b2ce08fa19bf0ad22ffef90d0aab7: A famous adventurer from Mondstadt
question 41
ad79bad654ed6ebef3124c973fcc50c8a6033eab618cc3c24c14943939dd8336: Equipment Card
question 42
36f76d72ed3458a2b9f83f2bfba34ccf4fb97ab9e9d00d9be8b70545cdd1008b: William
question 43
3ed362f4e51fa32f7a4d386384ca5cc751d14859f7abcf04fbc8483c06de62f1: Genius Invokation TCG
question 44
37e5ddb850237fadeb865c2cd7b2c27a8efe8e7d325fcdf3e245a8880a7ee040: Grand Narukami Shrine
question 45
1e25d08f4ce01dd6c0e7522cb9c600f8f83ba5495b738b01527a8d4b8185d66b: Festive Fever
question 46
7340e5709e2c1a8779815afa6ce580ad79fadd38e191c0dee73c72330aa0bcfb: 3
question 47
1e0cc101f9a7c5f9bc3e0423fb4238215a50b0df8c1871b03d9a7d1b9dc1970b: Equipment Card
question 48
4bafbfdbf2b8aeb4e5d256b26608258a6c79b069f8c9b63164df1bcf2a9b5127: Whoa, you must be one powerful Yasnapati!
question 49
59f43d8ea869c8865549ae9ce1362875427f5038f5777ad9dd17a119bc921674: Supply Zone
question 50
7540bc0df5290a50775249c06853cec387b7f6a8b5f0155d5d67e27ef4d3f1d7: Seele wants to give the presents from Belobog to the Crew.
question 51
88ca73f736f75f12a48e42a137b90de51295b699d7ef4a8c5b7aa81396b0c4f5: Commissions
question 52
2c6e4ab06cfed7b2205e29ba0ffdde4520805c2312c779f98dbd16472ae16a54: A Common Chest with a potion
question 53
c296ad43469f34438b52b21720996bbe9a3e4a464b0a0a96814fe6d88ac2b8dd: Cyrille
question 54
bc8c1fe320ab57edf09d06fd4f8890d22b67bcddfed766fc267ef27ae0bf4b46: A timer that starts when the first instance of damage is dealt and will reset the Hit Sequence when it reaches 0
question 55
0f49e3c029899cb62da0b361f3359e1f454c06872a1091eb9e6a5d13710cbcc5: It originated from the Heart of Oasis in Apep's body.
question 56
9cdcf9c8483774b4535605b0370a479ad369c50698038d4c4b58069e32e1337f: Open World Time Trial Challenges
question 57
0e7f196228fa8de7e355a1328b930e5dd4faf4a887e9c94a6a353a441dbbcb2d: Edit Deck
question 58
a0f393b6b0eb3adea90282122685ab07d11c68aa5b2ce9c90e321c14c422dd22: Hidden in a pile of rocks
question 59
0e41882602b0f7f3e2fcae5cbe3ea2a43527670cedf12216691549eea76a6206: She wants to live with everyone in Merusea Village.
question 60
d36fb9bd87dba749d9843a0e4628e77ab261c9c187fd1de6951e7fa59b2260c4: Hans Archibald
question 61
9f90596a9e97835e5dcee982d8a5eada1b4316b9b0731e5a3bf609e11af1a540: Spend 2 less elemental dice when playing your next action card
question 62
bb8576b13783f59af23b07e39b18de1a64f93cdfd321fafc89945acdccf16d58: Lawachurls
question 63
02b42210400feeb376861c7e3999d90ab909aec1ca1b67f50dccfd452f08ec31: Blessing of the Welkin Moon
question 64
a1f19234dabf303cb640ebc4280d4bf11fafddac4470eef8174959a90f5072f1: The player
question 65
9d9952aaec3537d4a8d21e5c3a85e7549c74b80718b4c29678d923609ce25b4c: [X] effect is granted for 10s
question 66
1b3f212715debb5f9b6194cd429e0d9b056edf6b335d3e1e992c8069c256bcbc: Complete 3 Open World Time Trial Challenges in the Court of Fontaine Region, Belleau Region, and Beryl Region.
question 67
67910a31aa2085d79fa9128c8aa5fe8257123e166a60572a2eb24b7f199ffdd5: 1
question 68
f09d13b1e550623426114e084a344f49caf9717b8791635beab079d3b17b0470: Both Physical and All Elemental
question 69
47a4ebf128a3d043d4772b34685f08d16c7bd2ce543b80c4e2c23286ce4e9fb8: Sweet Pom-Pom O'Mine
question 70
3bb118266987d2b884d2a763c92ca370ba2b295b7c59a9b08883eddcab1c5c86: Equipment Card
question 71
4d62351d703b47253f0b16ff7bf9d76cbd956cd829cfa272667ca157881ba377: 288 Primogem Reward, 188 Primogem Reward, 108 Primogem Reward
question 72
e994290f714518e9deca9299467d74be59d76f640d5a82747cdb55261478d339: Equipment
question 73
4e831d41102b251f443d8b0fbd9a6165e859cc0f4205b3eafa05cce5c44f66e7: performance
question 74
77bd10d48d89d2cb1c6c0f325ed0a47b3fa593d4e1b735db6dd8f763fce13004: Illusory Maze: Immola
question 75
096f5416d03433c171a0ead2663b3e22a15b0a8fa6747c518c478b0668726ca1: To protect Maiden Vanira
question 76
e5049676c751fc66aa50909674231429eb46a9754c46cc237587f90339c5fe70: Heated Battle Mode: Omnipotent Guide
question 77
49c3497717f58ae9c3402c8b19123cbdebb63627a141df3bc3e03a5eb94952e8: To seek the truth
question 78
d91a612da7ce4498e17821b08b3e7c51409634995b76fadc22ce2ea75c54d0ec: Blooms once a year for less than a month
question 79
17dd190aa41428ed253bb7a9ff6bed25eb193ae2c9da786199ccf3dcbe908795: 10
question 80
50d6bc3595c936db0007eb5e83245f02865f34137699d8360fd782df966be7fa: The Sea of Fertility
question 81
a3d82952acc9a7a40d68a13f3806f3168689a23b534c06c94e5ed8bd2ce7510e: Vale
question 82
7c8ae94c6bf328c61ebb035e571f0ea21c48c48699d38a3105a225eba0b041e2: 90
question 83
d186b3d369c0de0793532244026708fae286e0ab9d888302c945e8fa95c83bd0: 6
question 84
bc3ddd07e71bd3c52fb5c82c045f27e2b222d1398ce9d44d5ff655684d0dc550: 200
question 85
fd13aa84a6c5c9b8b3efc5e0b53f5ea9e09a0b9d959991e8ad4df08b6f6de278: A Monastery in the Northern Island of Ralin
question 86
01986363dae5c838151480ea256007abdea298630e03904792f458de27692db5: Nocturne
question 87
6c3ea496078df021d2043223f9347e81b7b9073c6c796909fea6ffaba72fddbf: 25
question 88
59c6124fb5531e2678268b9524ffd40b58d33780261b1df19fa4ed3ed89fb112: Onslaught of Shadows
question 89
998eba0b553ff5b970f1f135ee96f168a1a955b7ece7de6ac8c800cb7fa771e4: 30
question 90
29598789d23f5a0849bb90ff96ad0d91f4222c111044c8da0109e3e11994b80a: Blade Queen Lissandra
question 91
ba754bb3a64684d72169315e4a3e4558213a8d67c378836ddb442e97321e68b0: Jhin
question 92
8ed4725420826bf8bdc9d9511ef4ca9cb9851e8504eada703954030317632d0e: An archetype that consists of a single region
question 93
13b51817ae74cc46a13f3d47aa440d9087bdc3696c7feb691b6b8d9589fe4b59: 80
question 94
b222a9cee86e89529adc3aa42147ba82b9d3ab858e7846fcdf8f71d1ef52b917: 63
question 95
9b9965dd1e4ca57834c95f6783b0ceabb266dbdbd72dc4c3d0056e9ee62c95b5: 29
question 96
ae23d5c9423694a65d1bc973bbba92cf0af0f624fcacde9bce34082e75d0dce0: League of Legends
question 97
461da402bf30e552bdc2001e758549e72b9e7fcb06fc3f52af55e63ab3b19244: 8
question 98
b31ed749360646c0f14e3ef2824689c486fa3688dc220631562ff6b8af29023c: Psychic Operations
question 99
c915399afd5639a621ac4934d6b9ea8470a32487332dc7a52d378547ec20f158: 4
question 100
dbd61dcf6b148a4e5c2f90efe6de84fd7fd9cf915e05d79e43d2f98ea5360596: 7
question 101
98efa68af555d8c22c3b461a0514d9cfa2b2b523b744381de07e9f9e0e54322d: Unit Image
question 102
0492e25ab65bde23b47c787323a03f16423dc5a17d5492c3c8c2a64bd65864b2: HEARTSTEEL
question 103
afd06ea63f16a486a6d5d823e470a1501edd1ba2ecaf8d18b7cc547eceee642a: Anarchy
question 104
29c1d32ed7817efc85f5b5a582defc0a220e220714e7ffe48ed3bc63f3535327: Makes Maokai invulnerable for a short time
question 105
10d7875af1505d5bd5a00fe5a81956c88652e5402b41743e98d7f586ec6b93ba: Nocturne
question 106
11ff4540a0ee904a11a9a49c1e92322ac0e4710e282eed63f02cb063ead28c66: Psychic Operations
question 107
f45fb10129f7d80fee16bfa158df129b24d55f4a3d940950730fdacc6421653d: 120
question 108
b06069c73c649510cc823e9b70d851f54f66c132a06d98d9f60420fc77546602: 68
question 109
cc2af65bacf3656a71bdd5dbcfc215d608e8b7a4777f974ab9590d485234f88d: A region in Valoran
question 110
7f05e3f145c947e020bc61bd32755a6808099312ac9c81c483e0b4840ca808f1: 3
question 111
5fa6f61ca13aae4a6d8aee5a8c8751e976523643159026610cc92fdcd848ed3a: Magic's back in the form of Prismae Crystals
question 112
4591f9a5d2bd9a9d95a74a68941542d9ea1d4a0a7e7ca3475326a1168bfa10a1: 625
question 113
bc03f24caf29de7706a8cfc1e2bbfc8224fb2326c077ed87d20e48e35509f728: 4
question 114
b8ba556be0de6ce67f32494813509ffcba6a03129ac500decab9267eea866515: A summoner has disconnected.
question 115
e0fdf01015c99ef005f03fafea3a65d59384584ef37c57aa7c57029c21779107: 30
question 116
5300bb4c452e065c93b3dc493938a527958f4017bd1c5a530b7e5a4fca522b29: 0.25
question 117
d20717c686515b9eb96bc62d1f2a1a953cd9dcac25d8862376297b4b2b46ecdd: Sion's Passive
question 118
d1578cd96cba0a08176a4ba8bdd5898af68c558730b85dd93948c134575393e0: Claggor is protective of Powder and often defends her from Mylo's criticisms.
question 119
f16c1db869783fac0af585818c60f4fb6478c20af3af13fc3fd239ae0bd26675: Provides gold to the user
question 120
1e913d00393ea2775389cd2fcddfa854d4fc307fa4f5fa8c8e14203011ae050b: 333
question 121
898782ea4f1097a049b34cb1283e75e42a6d31ae2ccb29bde04fb1771f87b171: 1
question 122
w8LuvJHZanWmSe0s7yPZgx1D6JXCk90V7eLAV8hpkpA: 3
question 123
egHIpV5BzD1UCB0A2andFlpml4w4yPQucZwR-KvyCTM: 3
question 124
ZkIZt-P3alJgAcnVhN1OgHXXSv6MClMJzUnmOsDU3TU: 4
question 125
40d49cc678fe8421bcf5787c41f9096e3df3b6fcb712ff45c45d3fb9799929a8: 7
question 126
ar82yTaDbVLY_RIqo63aCliuJ4nSJNOFoSGOzlFGOUc: 0
question 127
A_msV8nX1MFKZtwUPM51n3v-iOECVa5QaZ9DWqBwSJc: 0
question 128
5bfe62bab9a0e47995a15b83f821821c40fa6f530e309ddeef8b0e5c6b4384d1: 0
question 129
_dTYA5u8Q1HiabTjNab2jKqwOBjNmGZ0S83ZcPt4hHY: 2
question 130
cIiFpjHfPZlDOB4R2HxmjfN0irNutdcIdwySgUl7vo0: 2
question 131
0297bfa5b78df18d81244f9c45cf3e13858c1a9941168411748052f262028c30: 5
question 132
5pgLhYVKu7LHjJ4wCWdBYhJd9X5SWeA1SToDQQL-7as: 3
question 133
54qeX5O-PxIJLsvJ-Vv-DvymEe9EGs-LXjv1wOl5hsY: 6
question 134
8cYZUzpgqldyr7ZlXmw8B-A3zF3W28Hnk5Oxq7eDr3A: 2
question 135
w1flCOuCoPN4cF1NqKnS1rEZEtUFCYAyM1uC6OpWK5I: 0
question 136
9ZC18ch0FrK6ESv6cCsPjmEp43EW1EDYjDpZQZMLHAQ: 5
question 137
031887059c28dfebc8a16a334ea0979dc1c645cd4190d1e8b349e70a468c1855: Akademiya
question 138
VTCZnmXR7txC8Ld8zwcMU8NHJf-9Quk8VDysRpGCP6c: 6
question 139
4287c979ef410264e9608369d0aa9769b28a5fe62861ecdd323c07f541231ea1: 4
question 140
gU3xG4FJjyXagMCed3ckBXum9ICg6ngK9PrYQ0MnhXU: 4
question 141
wBOFI4s8w-vau5PRhYjHxhA78u-D0AHlyvGu_D4tUGk: 0
question 142
C12UyoLVnRarVaUfqSMkYcSWq3DkPxE_Lw-QdNlFHY8: 7
question 143
qEMfjNppl40eGs7h-fk7vRjU4uJEps0XdmQKJrHZUpQ: 0
question 144
hw2axtqvohtCgioxjJgHmUSc6W1Y9rgmOEMPwji7bJ0: 1
question 145
eQjXwaaG-26cL_pnLoudnUEjDR0aCa4GW4T3UYFUEOo: 6
question 146
c52feddb374f82cda102a8b76ca172bfd8c91514e0a9763550bdd061d722e283: 4
question 147
OS0DShqDMV-yB3DoUwKgHVn90umM4evVeSejqVtS4RM: 7
question 148
TgEZdyQGPgxy4-2xQRRyZ3UYYJrxpfjl5dy-KoRhOJs: 2
question 149
M612gLiPDV8u354Ic8nVJbxKQL2k1oMfTjDktp772FA: 3
question 150
4HS37aXkULMCLL92-_wKk0SGFr0DpNY1kgsHLp_yKOo: 6
question 151
482f0b785078befe8b9fe37aaf13816bfef7ae25cf4a3f7c402b8e11651ddfdd: 5
question 152
d9ede0d179f8e607a72f5085c1f652f5b34f63e75952e4e9a410e2f5d244af37: 3
question 153
c89eb8d57a3b449f1ebd2bd5008340ca720e400d8ebdcd58954ac56c54331098: 4
question 154
pv3s8ggGbtWCHnHcNfxU7-GgWdglEi-g_2jT2EKoJgQ: 3
question 155
vbyDmv-igwSLA-2q1oQEYwZ36QuAP6k3z7h4-krfSsY: 1
question 156
848dd8750b3024ae8a9f5a1d1de84e3f2dfe49864de6c93d05eb44caac15d3b1: 6
question 157
etmOxALAKSAR2osP1Xe07BieOD6a77Aj8-qs64xRpZM: 2
question 158
GJxYSu2qJsGVhFKdfbQmHSGT6iJ7V22dA3_BPDdVoqY: 2
question 159
mYRT0dU433cRuPXWKVllFI_UfHIYBIx4UXKIk0kyc6M: 1
question 160
sKaOltEswkvJeNqXy-cUTJb3w5nxD-hknuB37vkOeNg: 0
question 161
O4CMANEvGj1rlntDFgZKJpthXVdZDENn3cP4N_M_oMQ: 0
question 162
B25UH8H8UvZ4iE1A1BxvZhNNFjLGTKee2HW2rGsyTwo: 1
question 163
aC3-glJ2t7GPOU4XQdzw3-X_H7lK0lKXOOBKnk4U6MA: 1
question 164
eGV-genXS-YQ-j7luZ-f0f6zCvH9m_iUlX4ajcT1ZIE: 0
question 165
TWQX-CAalTjJfY5QVYXYOqIa88KMwQHDr2rFw7rgFx4: 6
question 166
gtdr3-Uib25Q5gpwMLXdoOenWB-tLdh1pH4b4ArwclE: 0
question 167
d9608b172cb4ed27da30fcb2e6b9a70c636728f14b697eba10bcf306dec78375: 1
question 168
sGTKfCo9TUdsiYkqQQK2r2SbCUisNRNtCXZ5kZPFIOY: 1
question 169
1czzqPHS9Ey8LCqc511nJrQyl4rJW3qw9D33_ROAL0o: 3
question 170
8BCcjQKv-xo0Q-7d0kuumJotoY-7nNX7kNhlMywDZf8: 5
question 171
mVlKvrxY4HpqagLZPM4N_a3Oy-2VFypGpGILnQcfe9A: 1
question 172
yxQrORkM9Hq8Im0I5_uNRGVeRYQx_B4-zIZdA_vkD3s: 1
question 173
Ag0MZvXd8e_UIGalTzrpggXClLu0emBGdzV1xcslEqg: 4
question 174
f0c6aea359925c01d7f17300b69c8bb8c5deab4f376aac69c1953adb38467ff8: 0
question 175
6M1CvaPpcRPpRUU8QIG-V9Zf52EahHxirRWmk7zLV44: 3
question 176
GBXIL-LFjqme__9lgKGt1OqZRZU2PZP0Yho5eR3Ina4: 5
question 177
93848fcfc6feb3340f100b8d6dc20734b1c0525ecb83de8e982734ed469065da: 3
question 178
yS7Fe2Q2gWVQ90St-GY5wGFhEtKJ0x4P9GvN4PxkP14: 0
question 179
047bf93f9dc673e6ecf2597d541dbb3a8788942849477fd1ef91b4d7ab284e3d: 7
question 180
ddxi4x9tT9nDhDteNh4xWOiqxvf3psOeMrusmdTl8FQ: 7
question 181
xolkIHH1pP0xHR1d3vee54ERJDQ4ICLINSzD2lvOrdY: 4
question 182
um5iYy-awcbWq6aDySiWzA2YgwVrZw6jQrqs6YGBLFk: 3
question 183
rm_JGFw8Setkcw7Fti-_PAUZ5VjRVBLmCKa7bFaEwnM: 5
question 184
Xm_M8el3SSeAU6zypiQG1zA8GOjV0_tALeqcDTUGPTk: 6
question 185
F_El94QJgdluFmLUK6rlUmsOgNnzfyBXE7wZ9oBCJ1k: 5
question 186
285lBOkm1mCqcUcp7u14JzAUKCJmimcju_UIGek1fFo: 0
question 187
7zFNyoxJZtE7d1xirwKdk-yOXItUIi0VSRRacfoHHEE: 6
question 188
974b2c10c664f393f357bd04aa0ce4246a45b18a800bcead7584035d67d842c9: 0
question 189
bc7324e288f4803fc30397702d55e8142bf36a8ffd64130ed9f69366f506465a: 5
question 190
F9qrKNLCa0p6h6BLeogvdUcppIGIRuvsL7p_HskmpEQ: 3
question 191
15764c9b06d4ca2c1ca77f570a95357412b2a00c9bfd5508057c69afbaac8f6e: 4
question 192
ZUcWvpiOsstFtNbPempQC7KqlBzItZr8ww8B63UKch4: 7
question 193
kUBtoV5adGPQ1Lj3fvh0ITO0SL6G10WUrF0JC6Fuka0: 3
question 194
8r-U-EcOIq-sUaOn3M1KRqwexxmo8wMd4cmhf8Y-zWk: 2
question 195
RZNzFvT1VcLHF-e6ykRtpWUU0WlUeHD-EAVD0jqxmTY: 1
question 196
LezkR0V-nJnm8Gfttk_i7WutM9StsuQ9ZVz2NpxwgFQ: 0
question 197
bceVMnkTufj_fAzBKW-zqxxaXjBBpGUclI_5RVYNgtw: 2
question 198
_o2I6HSMxyFPwEl_hJ96sGOoBIFuPCShkvKAsIwOHT4: 6
question 199
Vt1S9N-Lh74Jnur3zyTa2yxZkM2tvoYtZVJ7u3cDBAM: 7
question 200
rYhMjoyOWqzCGCjWYOu5-XF6k0fc849nSOpInzTvyGk: 2
