firebird-830ba18e-bb38-4433-afd0-a904f8b08dd4
c
ce
ce2
ce20
ce20b
ce20ba
ce20ba1
ce20ba12
ce20ba126
ce20ba126f
ce20ba126fa
ce20ba126faf
ce20ba126fafb
ce20ba126fafb9
ce20ba126fafb9d
ce20ba126fafb9d8
ce20ba126fafb9d80
ce20ba126fafb9d808
ce20ba126fafb9d808d
ce20ba126fafb9d808d7
ce20ba126fafb9d808d74
ce20ba126fafb9d808d744
ce20ba126fafb9d808d7445
ce20ba126fafb9d808d74457
ce20ba126fafb9d808d74457b
ce20ba126fafb9d808d74457bf
ce20ba126fafb9d808d74457bfc
ce20ba126fafb9d808d74457bfc9
ce20ba126fafb9d808d74457bfc9f
ce20ba126fafb9d808d74457bfc9f3
ce20ba126fafb9d808d74457bfc9f32
ce20ba126fafb9d808d74457bfc9f32c
ce20ba126fafb9d808d74457bfc9f32c3
ce20ba126fafb9d808d74457bfc9f32c3a
ce20ba126fafb9d808d74457bfc9f32c3a5
ce20ba126fafb9d808d74457bfc9f32c3a50
ce20ba126fafb9d808d74457bfc9f32c3a504
ce20ba126fafb9d808d74457bfc9f32c3a5045
ce20ba126fafb9d808d74457bfc9f32c3a50452
ce20ba126fafb9d808d74457bfc9f32c3a50452b
ce20ba126fafb9d808d74457bfc9f32c3a50452b1
ce20ba126fafb9d808d74457bfc9f32c3a50452b1a
ce20ba126fafb9d808d74457bfc9f32c3a50452b1a2
ce20ba126fafb9d808d74457bfc9f32c3a50452b1a27
ce20ba126fafb9d808d74457bfc9f32c3a50452b1a27b
ce20ba126fafb9d808d74457bfc9f32c3a50452b1a27bf
ce20ba126fafb9d808d74457bfc9f32c3a50452b1a27bf8
ce20ba126fafb9d808d74457bfc9f32c3a50452b1a27bf8d
ce20ba126fafb9d808d74457bfc9f32c3a50452b1a27bf8dd
ce20ba126fafb9d808d74457bfc9f32c3a50452b1a27bf8dd0
ce20ba126fafb9d808d74457bfc9f32c3a50452b1a27bf8dd03
ce20ba126fafb9d808d74457bfc9f32c3a50452b1a27bf8dd03c
ce20ba126fafb9d808d74457bfc9f32c3a50452b1a27bf8dd03c6
ce20ba126fafb9d808d74457bfc9f32c3a50452b1a27bf8dd03c68
ce20ba126fafb9d808d74457bfc9f32c3a50452b1a27bf8dd03c685
ce20ba126fafb9d808d74457bfc9f32c3a50452b1a27bf8dd03c685a
ce20ba126fafb9d808d74457bfc9f32c3a50452b1a27bf8dd03c685ad
ce20ba126fafb9d808d74457bfc9f32c3a50452b1a27bf8dd03c685adf
ce20ba126fafb9d808d74457bfc9f32c3a50452b1a27bf8dd03c685adfe
ce20ba126fafb9d808d74457bfc9f32c3a50452b1a27bf8dd03c685adfef
ce20ba126fafb9d808d74457bfc9f32c3a50452b1a27bf8dd03c685adfef3
ce20ba126fafb9d808d74457bfc9f32c3a50452b1a27bf8dd03c685adfef39
ce20ba126fafb9d808d74457bfc9f32c3a50452b1a27bf8dd03c685adfef39d
ce20ba126fafb9d808d74457bfc9f32c3a50452b1a27bf8dd03c685adfef39d9
eyJhbGciOiJIUzI1NiIsInR5cCI6IkpXVCJ9.eyJ1c2VybmFtZSI6ImFkbWluIiwicm9sZSI6ImFkbWluIiwiZXhwaXJlX3RpbWUiOjE3MTI5OTY0MzF9.eJjLIkKELq3q2LZbLW3mOTCZXIqMw5QNCa2GcXaPA8A
bctf{how_can_a_casino_put_that_much_trust_on_client_uhmm_clientside}
